\BOOKMARK [0][-]{chapter.1}{A Sketch of How a Project Should Look Like}{}% 1
\BOOKMARK [1][-]{section.1.1}{Motivation}{chapter.1}% 2
\BOOKMARK [1][-]{section.1.2}{Methodological Issues}{chapter.1}% 3
\BOOKMARK [1][-]{section.1.3}{Applications in R}{chapter.1}% 4
\BOOKMARK [1][-]{section.1.4}{Example\(s\) From the Real World}{chapter.1}% 5
\BOOKMARK [1][-]{section.1.5}{Conclusion}{chapter.1}% 6
\BOOKMARK [1][-]{section.1.6}{Exercises}{chapter.1}% 7
\BOOKMARK [1][-]{section.1.7}{Test Questions}{chapter.1}% 8
\BOOKMARK [1][-]{section.1.8}{Glossary}{chapter.1}% 9
\BOOKMARK [0][-]{chapter.2}{List of Topics}{}% 10
\BOOKMARK [0][-]{chapter.3}{Further Procedure}{}% 11
\BOOKMARK [1][-]{section.3.1}{LaTeX}{chapter.3}% 12
\BOOKMARK [1][-]{section.3.2}{Git and GitHub}{chapter.3}% 13
\BOOKMARK [1][-]{section.3.3}{Style of Writing}{chapter.3}% 14
\BOOKMARK [0][-]{chapter.4}{Dictionary-based sentiment analysis}{}% 15
\BOOKMARK [1][-]{section.4.1}{Motivation}{chapter.4}% 16
\BOOKMARK [1][-]{section.4.2}{Methodological Issues}{chapter.4}% 17
\BOOKMARK [1][-]{section.4.3}{Application in Python}{chapter.4}% 18
\BOOKMARK [1][-]{section.4.4}{Example\(s\) From the Real World}{chapter.4}% 19
\BOOKMARK [1][-]{section.4.5}{Conclusion}{chapter.4}% 20
\BOOKMARK [1][-]{section.4.6}{Exercises}{chapter.4}% 21
\BOOKMARK [1][-]{section.4.7}{Test Questions}{chapter.4}% 22
\BOOKMARK [1][-]{section.4.8}{Glossary}{chapter.4}% 23
